[ 2016-10-29T11:19:38+08:00 ] 127.0.0.1 /index.php/Api/Index/index
INFO: [ app_init ] --START--
INFO: Run Behavior\BuildLiteBehavior [ RunTime:0.000010s ]
INFO: [ app_init ] --END-- [ RunTime:0.000309s ]
INFO: [ app_begin ] --START--
INFO: Run Behavior\ReadHtmlCacheBehavior [ RunTime:0.000402s ]
INFO: [ app_begin ] --END-- [ RunTime:0.000437s ]
INFO: [ view_parse ] --START--
INFO: [ template_filter ] --START--
INFO: Run Behavior\ContentReplaceBehavior [ RunTime:0.000034s ]
INFO: [ template_filter ] --END-- [ RunTime:0.000068s ]
INFO: Run Behavior\ParseTemplateBehavior [ RunTime:0.044554s ]
INFO: [ view_parse ] --END-- [ RunTime:0.044657s ]
INFO: [ view_filter ] --START--
INFO: Run Behavior\WriteHtmlCacheBehavior [ RunTime:0.000266s ]
INFO: [ view_filter ] --END-- [ RunTime:0.000297s ]
INFO: [ app_end ] --START--
INFO: Run Behavior\ShowPageTraceBehavior [ RunTime:0.000503s ]
INFO: [ app_end ] --END-- [ RunTime:0.000538s ]

[ 2016-10-29T11:20:26+08:00 ] 127.0.0.1 /index.php/Api/Index/index
INFO: [ app_init ] --START--
INFO: Run Behavior\BuildLiteBehavior [ RunTime:0.000018s ]
INFO: [ app_init ] --END-- [ RunTime:0.000418s ]
INFO: [ app_begin ] --START--
INFO: Run Behavior\ReadHtmlCacheBehavior [ RunTime:0.000459s ]
INFO: [ app_begin ] --END-- [ RunTime:0.000498s ]
INFO: [ app_end ] --START--
INFO: Run Behavior\ShowPageTraceBehavior [ RunTime:0.000382s ]
INFO: [ app_end ] --END-- [ RunTime:0.000418s ]

[ 2016-10-29T11:24:59+08:00 ] 127.0.0.1 /index.php/Api/Index/createJson
INFO: [ app_init ] --START--
INFO: Run Behavior\BuildLiteBehavior [ RunTime:0.000014s ]
INFO: [ app_init ] --END-- [ RunTime:0.000473s ]
INFO: [ app_begin ] --START--
INFO: Run Behavior\ReadHtmlCacheBehavior [ RunTime:0.000493s ]
INFO: [ app_begin ] --END-- [ RunTime:0.000539s ]
INFO: [ app_end ] --START--
INFO: Run Behavior\ShowPageTraceBehavior [ RunTime:0.000646s ]
INFO: [ app_end ] --END-- [ RunTime:0.000711s ]

[ 2016-10-29T11:31:27+08:00 ] 127.0.0.1 /index.php/Api/Index/readJson
INFO: [ app_init ] --START--
INFO: Run Behavior\BuildLiteBehavior [ RunTime:0.000012s ]
INFO: [ app_init ] --END-- [ RunTime:0.000332s ]
INFO: [ app_begin ] --START--
INFO: Run Behavior\ReadHtmlCacheBehavior [ RunTime:0.000681s ]
INFO: [ app_begin ] --END-- [ RunTime:0.000854s ]
INFO: [ app_end ] --START--
INFO: Run Behavior\ShowPageTraceBehavior [ RunTime:0.000691s ]
INFO: [ app_end ] --END-- [ RunTime:0.000757s ]

[ 2016-10-29T11:32:13+08:00 ] 127.0.0.1 /index.php/Api/Index/readJson
INFO: [ app_init ] --START--
INFO: Run Behavior\BuildLiteBehavior [ RunTime:0.000017s ]
INFO: [ app_init ] --END-- [ RunTime:0.000300s ]
INFO: [ app_begin ] --START--
INFO: Run Behavior\ReadHtmlCacheBehavior [ RunTime:0.000747s ]
INFO: [ app_begin ] --END-- [ RunTime:0.000834s ]
INFO: [ app_end ] --START--
INFO: Run Behavior\ShowPageTraceBehavior [ RunTime:0.000496s ]
INFO: [ app_end ] --END-- [ RunTime:0.000544s ]

[ 2016-10-29T11:44:04+08:00 ] 127.0.0.1 /index.php/Api/Index/createXML
INFO: [ app_init ] --START--
INFO: Run Behavior\BuildLiteBehavior [ RunTime:0.000014s ]
INFO: [ app_init ] --END-- [ RunTime:0.000354s ]
INFO: [ app_begin ] --START--
INFO: Run Behavior\ReadHtmlCacheBehavior [ RunTime:0.000647s ]
INFO: [ app_begin ] --END-- [ RunTime:0.000703s ]
INFO: [ app_end ] --START--
INFO: Run Behavior\ShowPageTraceBehavior [ RunTime:0.000673s ]
INFO: [ app_end ] --END-- [ RunTime:0.000742s ]

[ 2016-10-29T11:49:25+08:00 ] 127.0.0.1 /index.php/Api/Index/readXML
INFO: [ app_init ] --START--
INFO: Run Behavior\BuildLiteBehavior [ RunTime:0.000011s ]
INFO: [ app_init ] --END-- [ RunTime:0.000300s ]
INFO: [ app_begin ] --START--
INFO: Run Behavior\ReadHtmlCacheBehavior [ RunTime:0.000383s ]
INFO: [ app_begin ] --END-- [ RunTime:0.000417s ]
INFO: [ app_end ] --START--
INFO: Run Behavior\ShowPageTraceBehavior [ RunTime:0.002248s ]
INFO: [ app_end ] --END-- [ RunTime:0.002439s ]

[ 2016-10-29T11:51:02+08:00 ] 127.0.0.1 /index.php/Api/Index/readXML
INFO: [ app_init ] --START--
INFO: Run Behavior\BuildLiteBehavior [ RunTime:0.000011s ]
INFO: [ app_init ] --END-- [ RunTime:0.000324s ]
INFO: [ app_begin ] --START--
INFO: Run Behavior\ReadHtmlCacheBehavior [ RunTime:0.000448s ]
INFO: [ app_begin ] --END-- [ RunTime:0.000490s ]
INFO: [ app_end ] --START--
INFO: Run Behavior\ShowPageTraceBehavior [ RunTime:0.000529s ]
INFO: [ app_end ] --END-- [ RunTime:0.000581s ]

[ 2016-10-29T19:56:02+08:00 ] 127.0.0.1 /index.php/Api/Index/weather/city/%E5%8C%97%E4%BA%AC
INFO: [ app_init ] --START--
INFO: Run Behavior\BuildLiteBehavior [ RunTime:0.000014s ]
INFO: [ app_init ] --END-- [ RunTime:0.000411s ]
INFO: [ app_begin ] --START--
INFO: Run Behavior\ReadHtmlCacheBehavior [ RunTime:0.000850s ]
INFO: [ app_begin ] --END-- [ RunTime:0.000929s ]
NOTIC: [8] Trying to get property of non-object F:\phpstudy\WWW\api\Application\Api\Controller\IndexController.class.php 第 83 行.
INFO: [ app_end ] --START--
INFO: Run Behavior\ShowPageTraceBehavior [ RunTime:0.001421s ]
INFO: [ app_end ] --END-- [ RunTime:0.001532s ]

[ 2016-10-29T19:57:02+08:00 ] 127.0.0.1 /index.php/Api/Index/weather/city/%E5%8C%97%E4%BA%AC
INFO: [ app_init ] --START--
INFO: Run Behavior\BuildLiteBehavior [ RunTime:0.000013s ]
INFO: [ app_init ] --END-- [ RunTime:0.000299s ]
INFO: [ app_begin ] --START--
INFO: Run Behavior\ReadHtmlCacheBehavior [ RunTime:0.000386s ]
INFO: [ app_begin ] --END-- [ RunTime:0.000420s ]
NOTIC: [8] Trying to get property of non-object F:\phpstudy\WWW\api\Application\Api\Controller\IndexController.class.php 第 83 行.
INFO: [ app_end ] --START--
INFO: Run Behavior\ShowPageTraceBehavior [ RunTime:0.000514s ]
INFO: [ app_end ] --END-- [ RunTime:0.000553s ]

[ 2016-10-29T19:58:09+08:00 ] 127.0.0.1 /index.php/Api/Index/weather/city/%E5%8C%97%E4%BA%AC
INFO: [ app_init ] --START--
INFO: Run Behavior\BuildLiteBehavior [ RunTime:0.000014s ]
INFO: [ app_init ] --END-- [ RunTime:0.000365s ]
INFO: [ app_begin ] --START--
INFO: Run Behavior\ReadHtmlCacheBehavior [ RunTime:0.000475s ]
INFO: [ app_begin ] --END-- [ RunTime:0.000517s ]
INFO: [ app_end ] --START--
INFO: Run Behavior\ShowPageTraceBehavior [ RunTime:0.001090s ]
INFO: [ app_end ] --END-- [ RunTime:0.001254s ]

[ 2016-10-29T20:00:24+08:00 ] 127.0.0.1 /index.php/Api/Index/getAreaByPhone/Phone/18612224181
INFO: [ app_init ] --START--
INFO: Run Behavior\BuildLiteBehavior [ RunTime:0.000011s ]
INFO: [ app_init ] --END-- [ RunTime:0.000302s ]
INFO: [ app_begin ] --START--
INFO: Run Behavior\ReadHtmlCacheBehavior [ RunTime:0.000380s ]
INFO: [ app_begin ] --END-- [ RunTime:0.000415s ]
NOTIC: [8] Undefined property: stdClass::$data F:\phpstudy\WWW\api\Application\Api\Controller\IndexController.class.php 第 101 行.
NOTIC: [8] Trying to get property of non-object F:\phpstudy\WWW\api\Application\Api\Controller\IndexController.class.php 第 101 行.
INFO: [ app_end ] --START--
INFO: Run Behavior\ShowPageTraceBehavior [ RunTime:0.000610s ]
INFO: [ app_end ] --END-- [ RunTime:0.000654s ]

[ 2016-10-29T20:01:15+08:00 ] 127.0.0.1 /index.php/Api/Index/getAreaByPhone/phone/18612224181
INFO: [ app_init ] --START--
INFO: Run Behavior\BuildLiteBehavior [ RunTime:0.000013s ]
INFO: [ app_init ] --END-- [ RunTime:0.000332s ]
INFO: [ app_begin ] --START--
INFO: Run Behavior\ReadHtmlCacheBehavior [ RunTime:0.000435s ]
INFO: [ app_begin ] --END-- [ RunTime:0.000476s ]
INFO: [ app_end ] --START--
INFO: Run Behavior\ShowPageTraceBehavior [ RunTime:0.000855s ]
INFO: [ app_end ] --END-- [ RunTime:0.000944s ]

