[ 2016-10-30T19:13:55+08:00 ] 127.0.0.1 /index.php/Api/Index/getAreaByPhone/phone/18612224181
INFO: [ app_init ] --START--
INFO: Run Behavior\BuildLiteBehavior [ RunTime:0.000497s ]
INFO: [ app_init ] --END-- [ RunTime:0.045858s ]
INFO: [ app_begin ] --START--
INFO: Run Behavior\ReadHtmlCacheBehavior [ RunTime:0.017596s ]
INFO: [ app_begin ] --END-- [ RunTime:0.017947s ]
INFO: [ app_end ] --START--
INFO: Run Behavior\ShowPageTraceBehavior [ RunTime:0.036893s ]
INFO: [ app_end ] --END-- [ RunTime:0.037072s ]

[ 2016-10-30T19:14:01+08:00 ] 127.0.0.1 /index.php/Api/Index/getAreaByPhone/phone/18612224181
INFO: [ app_init ] --START--
INFO: Run Behavior\BuildLiteBehavior [ RunTime:0.000040s ]
INFO: [ app_init ] --END-- [ RunTime:0.001033s ]
INFO: [ app_begin ] --START--
INFO: Run Behavior\ReadHtmlCacheBehavior [ RunTime:0.001491s ]
INFO: [ app_begin ] --END-- [ RunTime:0.001643s ]
INFO: [ app_end ] --START--
INFO: Run Behavior\ShowPageTraceBehavior [ RunTime:0.002152s ]
INFO: [ app_end ] --END-- [ RunTime:0.002351s ]

[ 2016-10-30T19:14:31+08:00 ] 127.0.0.1 /index.php/Api/Index/express
INFO: [ app_init ] --START--
INFO: Run Behavior\BuildLiteBehavior [ RunTime:0.000059s ]
INFO: [ app_init ] --END-- [ RunTime:0.001270s ]
INFO: [ app_begin ] --START--
INFO: Run Behavior\ReadHtmlCacheBehavior [ RunTime:0.001432s ]
INFO: [ app_begin ] --END-- [ RunTime:0.001563s ]
NOTIC: [8] Undefined property: stdClass::$data F:\phpstudy\WWW\api\Application\Api\Controller\IndexController.class.php 第 116 行.
NOTIC: [2] Invalid argument supplied for foreach() F:\phpstudy\WWW\api\Application\Api\Controller\IndexController.class.php 第 118 行.
INFO: [ app_end ] --START--
INFO: Run Behavior\ShowPageTraceBehavior [ RunTime:0.002081s ]
INFO: [ app_end ] --END-- [ RunTime:0.002252s ]

[ 2016-10-30T19:15:14+08:00 ] 127.0.0.1 /index.php/Api/Index/express
INFO: [ app_init ] --START--
INFO: Run Behavior\BuildLiteBehavior [ RunTime:0.000066s ]
INFO: [ app_init ] --END-- [ RunTime:0.002441s ]
INFO: [ app_begin ] --START--
INFO: Run Behavior\ReadHtmlCacheBehavior [ RunTime:0.003328s ]
INFO: [ app_begin ] --END-- [ RunTime:0.003546s ]
NOTIC: [8] Undefined property: stdClass::$data F:\phpstudy\WWW\api\Application\Api\Controller\IndexController.class.php 第 116 行.
NOTIC: [2] Invalid argument supplied for foreach() F:\phpstudy\WWW\api\Application\Api\Controller\IndexController.class.php 第 119 行.
INFO: [ app_end ] --START--
INFO: Run Behavior\ShowPageTraceBehavior [ RunTime:0.002350s ]
INFO: [ app_end ] --END-- [ RunTime:0.002605s ]

[ 2016-10-30T19:17:42+08:00 ] 127.0.0.1 /index.php/Api/Index/express
INFO: [ app_init ] --START--
INFO: Run Behavior\BuildLiteBehavior [ RunTime:0.000050s ]
INFO: [ app_init ] --END-- [ RunTime:0.001238s ]
INFO: [ app_begin ] --START--
INFO: Run Behavior\ReadHtmlCacheBehavior [ RunTime:0.002415s ]
INFO: [ app_begin ] --END-- [ RunTime:0.002656s ]
NOTIC: [8] Undefined property: stdClass::$data F:\phpstudy\WWW\api\Application\Api\Controller\IndexController.class.php 第 116 行.
NOTIC: [2] Invalid argument supplied for foreach() F:\phpstudy\WWW\api\Application\Api\Controller\IndexController.class.php 第 119 行.
INFO: [ app_end ] --START--
INFO: Run Behavior\ShowPageTraceBehavior [ RunTime:0.001772s ]
INFO: [ app_end ] --END-- [ RunTime:0.001926s ]

[ 2016-10-30T19:18:55+08:00 ] 127.0.0.1 /index.php/Api/Index/express
INFO: [ app_init ] --START--
INFO: Run Behavior\BuildLiteBehavior [ RunTime:0.000041s ]
INFO: [ app_init ] --END-- [ RunTime:0.001094s ]
INFO: [ app_begin ] --START--
INFO: Run Behavior\ReadHtmlCacheBehavior [ RunTime:0.002148s ]
INFO: [ app_begin ] --END-- [ RunTime:0.004765s ]
NOTIC: [8] Undefined property: stdClass::$data F:\phpstudy\WWW\api\Application\Api\Controller\IndexController.class.php 第 116 行.
NOTIC: [2] Invalid argument supplied for foreach() F:\phpstudy\WWW\api\Application\Api\Controller\IndexController.class.php 第 119 行.
INFO: [ app_end ] --START--
INFO: Run Behavior\ShowPageTraceBehavior [ RunTime:0.002296s ]
INFO: [ app_end ] --END-- [ RunTime:0.002531s ]

[ 2016-10-30T19:19:25+08:00 ] 127.0.0.1 /index.php/Api/Index/express
INFO: [ app_init ] --START--
INFO: Run Behavior\BuildLiteBehavior [ RunTime:0.000060s ]
INFO: [ app_init ] --END-- [ RunTime:0.001893s ]
INFO: [ app_begin ] --START--
INFO: Run Behavior\ReadHtmlCacheBehavior [ RunTime:0.001441s ]
INFO: [ app_begin ] --END-- [ RunTime:0.001577s ]
NOTIC: [8] Undefined property: stdClass::$data F:\phpstudy\WWW\api\Application\Api\Controller\IndexController.class.php 第 116 行.
NOTIC: [2] Invalid argument supplied for foreach() F:\phpstudy\WWW\api\Application\Api\Controller\IndexController.class.php 第 119 行.
INFO: [ app_end ] --START--
INFO: Run Behavior\ShowPageTraceBehavior [ RunTime:0.002185s ]
INFO: [ app_end ] --END-- [ RunTime:0.002410s ]

[ 2016-10-30T19:19:39+08:00 ] 127.0.0.1 /index.php/Api/Index/express
INFO: [ app_init ] --START--
INFO: Run Behavior\BuildLiteBehavior [ RunTime:0.000058s ]
INFO: [ app_init ] --END-- [ RunTime:0.001538s ]
INFO: [ app_begin ] --START--
INFO: Run Behavior\ReadHtmlCacheBehavior [ RunTime:0.002123s ]
INFO: [ app_begin ] --END-- [ RunTime:0.002325s ]
NOTIC: [8] Undefined property: stdClass::$data F:\phpstudy\WWW\api\Application\Api\Controller\IndexController.class.php 第 116 行.
NOTIC: [2] Invalid argument supplied for foreach() F:\phpstudy\WWW\api\Application\Api\Controller\IndexController.class.php 第 119 行.
INFO: [ app_end ] --START--
INFO: Run Behavior\ShowPageTraceBehavior [ RunTime:0.001828s ]
INFO: [ app_end ] --END-- [ RunTime:0.002016s ]

[ 2016-10-30T19:30:24+08:00 ] 127.0.0.1 /index.php/Api/Index/sendTest
INFO: [ app_init ] --START--
INFO: Run Behavior\BuildLiteBehavior [ RunTime:0.000055s ]
INFO: [ app_init ] --END-- [ RunTime:0.001676s ]
INFO: [ app_begin ] --START--
INFO: Run Behavior\ReadHtmlCacheBehavior [ RunTime:0.001649s ]
INFO: [ app_begin ] --END-- [ RunTime:0.001806s ]
INFO: [ app_end ] --START--
INFO: Run Behavior\ShowPageTraceBehavior [ RunTime:0.002027s ]
INFO: [ app_end ] --END-- [ RunTime:0.002268s ]

[ 2016-10-30T19:52:21+08:00 ] 127.0.0.1 /index.php/Api/Index/express
INFO: [ app_init ] --START--
INFO: Run Behavior\BuildLiteBehavior [ RunTime:0.000040s ]
INFO: [ app_init ] --END-- [ RunTime:0.001221s ]
INFO: [ app_begin ] --START--
INFO: Run Behavior\ReadHtmlCacheBehavior [ RunTime:0.001763s ]
INFO: [ app_begin ] --END-- [ RunTime:0.001913s ]
NOTIC: [8] Undefined property: stdClass::$data F:\phpstudy\WWW\api\Application\Api\Controller\IndexController.class.php 第 116 行.
NOTIC: [2] Invalid argument supplied for foreach() F:\phpstudy\WWW\api\Application\Api\Controller\IndexController.class.php 第 119 行.
INFO: [ app_end ] --START--
INFO: Run Behavior\ShowPageTraceBehavior [ RunTime:0.001757s ]
INFO: [ app_end ] --END-- [ RunTime:0.001892s ]

[ 2016-10-30T19:52:23+08:00 ] 127.0.0.1 /index.php/Api/Index/express
INFO: [ app_init ] --START--
INFO: Run Behavior\BuildLiteBehavior [ RunTime:0.000037s ]
INFO: [ app_init ] --END-- [ RunTime:0.001020s ]
INFO: [ app_begin ] --START--
INFO: Run Behavior\ReadHtmlCacheBehavior [ RunTime:0.001348s ]
INFO: [ app_begin ] --END-- [ RunTime:0.001477s ]
NOTIC: [8] Undefined property: stdClass::$data F:\phpstudy\WWW\api\Application\Api\Controller\IndexController.class.php 第 116 行.
NOTIC: [2] Invalid argument supplied for foreach() F:\phpstudy\WWW\api\Application\Api\Controller\IndexController.class.php 第 119 行.
INFO: [ app_end ] --START--
INFO: Run Behavior\ShowPageTraceBehavior [ RunTime:0.002018s ]
INFO: [ app_end ] --END-- [ RunTime:0.002195s ]

[ 2016-10-30T19:53:17+08:00 ] 127.0.0.1 /index.php/Api/Index/express
INFO: [ app_init ] --START--
INFO: Run Behavior\BuildLiteBehavior [ RunTime:0.000039s ]
INFO: [ app_init ] --END-- [ RunTime:0.001053s ]
INFO: [ app_begin ] --START--
INFO: Run Behavior\ReadHtmlCacheBehavior [ RunTime:0.002292s ]
INFO: [ app_begin ] --END-- [ RunTime:0.002456s ]
NOTIC: [8] Undefined property: stdClass::$data F:\phpstudy\WWW\api\Application\Api\Controller\IndexController.class.php 第 116 行.
NOTIC: [2] Invalid argument supplied for foreach() F:\phpstudy\WWW\api\Application\Api\Controller\IndexController.class.php 第 119 行.
INFO: [ app_end ] --START--
INFO: Run Behavior\ShowPageTraceBehavior [ RunTime:0.001794s ]
INFO: [ app_end ] --END-- [ RunTime:0.001935s ]

[ 2016-10-30T19:53:34+08:00 ] 127.0.0.1 /index.php/Api/Index/express
INFO: [ app_init ] --START--
INFO: Run Behavior\BuildLiteBehavior [ RunTime:0.000054s ]
INFO: [ app_init ] --END-- [ RunTime:0.001078s ]
INFO: [ app_begin ] --START--
INFO: Run Behavior\ReadHtmlCacheBehavior [ RunTime:0.001582s ]
INFO: [ app_begin ] --END-- [ RunTime:0.001806s ]
NOTIC: [8] Undefined property: stdClass::$data F:\phpstudy\WWW\api\Application\Api\Controller\IndexController.class.php 第 116 行.
NOTIC: [2] Invalid argument supplied for foreach() F:\phpstudy\WWW\api\Application\Api\Controller\IndexController.class.php 第 120 行.
INFO: [ app_end ] --START--
INFO: Run Behavior\ShowPageTraceBehavior [ RunTime:0.001580s ]
INFO: [ app_end ] --END-- [ RunTime:0.001703s ]

[ 2016-10-30T19:55:18+08:00 ] 127.0.0.1 /index.php/Api/Index/express
INFO: [ app_init ] --START--
INFO: Run Behavior\BuildLiteBehavior [ RunTime:0.000059s ]
INFO: [ app_init ] --END-- [ RunTime:0.001923s ]
INFO: [ app_begin ] --START--
INFO: Run Behavior\ReadHtmlCacheBehavior [ RunTime:0.002169s ]
INFO: [ app_begin ] --END-- [ RunTime:0.002433s ]
NOTIC: [8] Undefined property: stdClass::$data F:\phpstudy\WWW\api\Application\Api\Controller\IndexController.class.php 第 116 行.
NOTIC: [2] Invalid argument supplied for foreach() F:\phpstudy\WWW\api\Application\Api\Controller\IndexController.class.php 第 120 行.
INFO: [ app_end ] --START--
INFO: Run Behavior\ShowPageTraceBehavior [ RunTime:0.002786s ]
INFO: [ app_end ] --END-- [ RunTime:0.002968s ]

[ 2016-10-30T19:55:21+08:00 ] 127.0.0.1 /index.php/Api/Index/express
INFO: [ app_init ] --START--
INFO: Run Behavior\BuildLiteBehavior [ RunTime:0.000046s ]
INFO: [ app_init ] --END-- [ RunTime:0.001102s ]
INFO: [ app_begin ] --START--
INFO: Run Behavior\ReadHtmlCacheBehavior [ RunTime:0.001400s ]
INFO: [ app_begin ] --END-- [ RunTime:0.001535s ]
NOTIC: [8] Undefined property: stdClass::$data F:\phpstudy\WWW\api\Application\Api\Controller\IndexController.class.php 第 116 行.
NOTIC: [2] Invalid argument supplied for foreach() F:\phpstudy\WWW\api\Application\Api\Controller\IndexController.class.php 第 120 行.
INFO: [ app_end ] --START--
INFO: Run Behavior\ShowPageTraceBehavior [ RunTime:0.001512s ]
INFO: [ app_end ] --END-- [ RunTime:0.001638s ]

